<?xml version="1.0" encoding="UTF-8"?>
<!-- Generated by org.testng.reporters.JUnitXMLReporter -->
<testsuite ignored="0" hostname="LAPTOP-6IL82U3N" failures="6" tests="8" name="TutorialsNinjaTestCases" time="39.885" errors="0" timestamp="2022-12-27T01:38:46 GMT">
  <testcase classname="com.tutorialsNinjaPro.qa.testcases.Login" name="verifyLoginWithValidCredentials" time="0.674"/>
  <testcase classname="com.tutorialsNinjaPro.qa.testcases.Login" name="verifyLoginWithInvalidCredentials" time="0.601">
    <failure type="java.lang.AssertionError" message="Warning message is not displayed expected [true] but found [false]">
      <![CDATA[java.lang.AssertionError: Warning message is not displayed expected [true] but found [false]
at com.tutorialsNinjaPro.qa.testcases.Login.verifyLoginWithInvalidCredentials(Login.java:42)
at java.base/java.util.ArrayList.forEach(ArrayList.java:1511)
... Removed 30 stack frames]]>
    </failure>
  </testcase> <!-- verifyLoginWithInvalidCredentials -->
  <testcase classname="com.tutorialsNinjaPro.qa.testcases.Login" name="verifyLoginWithInvalidEmailAndValidPassword" time="0.546">
    <failure type="java.lang.AssertionError" message="Warning message is not displayed expected [true] but found [false]">
      <![CDATA[java.lang.AssertionError: Warning message is not displayed expected [true] but found [false]
at com.tutorialsNinjaPro.qa.testcases.Login.verifyLoginWithInvalidEmailAndValidPassword(Login.java:53)
at java.base/java.util.ArrayList.forEach(ArrayList.java:1511)
... Removed 30 stack frames]]>
    </failure>
  </testcase> <!-- verifyLoginWithInvalidEmailAndValidPassword -->
  <testcase classname="com.tutorialsNinjaPro.qa.testcases.Login" name="verifyLoginWithValidEmailAndInvalidPassword" time="0.701">
    <failure type="java.lang.AssertionError" message="Warning message is not displayed expected [true] but found [false]">
      <![CDATA[java.lang.AssertionError: Warning message is not displayed expected [true] but found [false]
at com.tutorialsNinjaPro.qa.testcases.Login.verifyLoginWithValidEmailAndInvalidPassword(Login.java:64)
at java.base/java.util.ArrayList.forEach(ArrayList.java:1511)
... Removed 30 stack frames]]>
    </failure>
  </testcase> <!-- verifyLoginWithValidEmailAndInvalidPassword -->
  <testcase classname="com.tutorialsNinjaPro.qa.testcases.Login" name="verifyLoginWithoutProvidingCredentials" time="0.468">
    <failure type="java.lang.AssertionError" message="Warning message is not displayed expected [true] but found [false]">
      <![CDATA[java.lang.AssertionError: Warning message is not displayed expected [true] but found [false]
at com.tutorialsNinjaPro.qa.testcases.Login.verifyLoginWithoutProvidingCredentials(Login.java:75)
at java.base/java.util.ArrayList.forEach(ArrayList.java:1511)
... Removed 30 stack frames]]>
    </failure>
  </testcase> <!-- verifyLoginWithoutProvidingCredentials -->
  <testcase classname="com.tutorialsNinjaPro.qa.testcases.Register" name="fillAllTheMandatoryFileldsProvidingValidDetailes" time="0.78"/>
  <testcase classname="com.tutorialsNinjaPro.qa.testcases.Register" name="fillAllTheMandatoryFiedsAndContinueWithoutClickingPrivacyButton" time="0.775">
    <failure type="java.lang.AssertionError" message="Expected Warning Message is Not Displayed expected [true] but found [false]">
      <![CDATA[java.lang.AssertionError: Expected Warning Message is Not Displayed expected [true] but found [false]
at com.tutorialsNinjaPro.qa.testcases.Register.fillAllTheMandatoryFiedsAndContinueWithoutClickingPrivacyButton(Register.java:50)
at java.base/java.util.ArrayList.forEach(ArrayList.java:1511)
... Removed 30 stack frames]]>
    </failure>
  </testcase> <!-- fillAllTheMandatoryFiedsAndContinueWithoutClickingPrivacyButton -->
  <testcase classname="com.tutorialsNinjaPro.qa.testcases.Register" name="clickContinueButtonWithoutFillingInputBoxes" time="0.409">
    <failure type="java.lang.AssertionError" message="Expected Warning Message is Not Displayed expected [true] but found [false]">
      <![CDATA[java.lang.AssertionError: Expected Warning Message is Not Displayed expected [true] but found [false]
at com.tutorialsNinjaPro.qa.testcases.Register.clickContinueButtonWithoutFillingInputBoxes(Register.java:59)
at java.base/java.util.ArrayList.forEach(ArrayList.java:1511)
... Removed 30 stack frames]]>
    </failure>
  </testcase> <!-- clickContinueButtonWithoutFillingInputBoxes -->
</testsuite> <!-- TutorialsNinjaTestCases -->
